

*******************************************************************************
Wed Jul 16 13:25:38 2014


FIT:    data read from "warmdat.txt" u 1:3:4
        format = x:z:s
        #datapoints = 9
function used for fitting: f(x)
fitted parameters initialized with current variable values



 Iteration 0
 WSSR        : 110858            delta(WSSR)/WSSR   : 0
 delta(WSSR) : 0                 limit for stopping : 1e-05
 lambda	  : 0.720803

initial set of free parameter values

m               = 1
b               = 1

After 6 iterations the fit converged.
final sum of squares of residuals : 31967.3
rel. change during last iteration : -1.61736e-09

degrees of freedom    (FIT_NDF)                        : 7
rms of residuals      (FIT_STDFIT) = sqrt(WSSR/ndf)    : 67.5778
variance of residuals (reduced chisquare) = WSSR/ndf   : 4566.75

Final set of parameters            Asymptotic Standard Error
=======================            ==========================

m               = 45291.5          +/- 2.803e+04    (61.89%)
b               = 37.3135          +/- 37.18        (99.65%)


correlation matrix of the fit parameters:

               m      b      
m               1.000 
b              -0.804  1.000 


*******************************************************************************
Wed Jul 16 13:35:24 2014


FIT:    data read from "warmdat.txt" u 1:3:4
        format = x:z:s
        #datapoints = 9
function used for fitting: f(x)
fitted parameters initialized with current variable values



 Iteration 0
 WSSR        : 110858            delta(WSSR)/WSSR   : 0
 delta(WSSR) : 0                 limit for stopping : 1e-05
 lambda	  : 0.720803

initial set of free parameter values

m               = 1
b               = 1

After 6 iterations the fit converged.
final sum of squares of residuals : 31967.3
rel. change during last iteration : -1.61736e-09

degrees of freedom    (FIT_NDF)                        : 7
rms of residuals      (FIT_STDFIT) = sqrt(WSSR/ndf)    : 67.5778
variance of residuals (reduced chisquare) = WSSR/ndf   : 4566.75

Final set of parameters            Asymptotic Standard Error
=======================            ==========================

m               = 45291.5          +/- 2.803e+04    (61.89%)
b               = 37.3135          +/- 37.18        (99.65%)


correlation matrix of the fit parameters:

               m      b      
m               1.000 
b              -0.804  1.000 


*******************************************************************************
Wed Jul 16 13:36:32 2014


FIT:    data read from "warmdat.txt" u 1:3:4
        format = x:z:s
        #datapoints = 9
function used for fitting: f(x)
fitted parameters initialized with current variable values



 Iteration 0
 WSSR        : 174992            delta(WSSR)/WSSR   : 0
 delta(WSSR) : 0                 limit for stopping : 1e-05
 lambda	  : 0.720803

initial set of free parameter values

m               = 1
b               = 1

After 6 iterations the fit converged.
final sum of squares of residuals : 717.993
rel. change during last iteration : -3.73128e-07

degrees of freedom    (FIT_NDF)                        : 7
rms of residuals      (FIT_STDFIT) = sqrt(WSSR/ndf)    : 10.1277
variance of residuals (reduced chisquare) = WSSR/ndf   : 102.57

Final set of parameters            Asymptotic Standard Error
=======================            ==========================

m               = 103096           +/- 4201         (4.075%)
b               = 0.714958         +/- 5.572        (779.4%)


correlation matrix of the fit parameters:

               m      b      
m               1.000 
b              -0.804  1.000 


*******************************************************************************
Wed Jul 16 13:41:29 2014


FIT:    data read from "warmdat.txt" u 1:3:4
        format = x:z:s
        #datapoints = 9
function used for fitting: f(x)
fitted parameters initialized with current variable values



 Iteration 0
 WSSR        : 171626            delta(WSSR)/WSSR   : 0
 delta(WSSR) : 0                 limit for stopping : 1e-05
 lambda	  : 1.19731

initial set of free parameter values

m               = 1
b               = 1

After 4 iterations the fit converged.
final sum of squares of residuals : 717.993
rel. change during last iteration : -2.41785e-13

degrees of freedom    (FIT_NDF)                        : 7
rms of residuals      (FIT_STDFIT) = sqrt(WSSR/ndf)    : 10.1277
variance of residuals (reduced chisquare) = WSSR/ndf   : 102.57

Final set of parameters            Asymptotic Standard Error
=======================            ==========================

m               = 103.096          +/- 4.201        (4.075%)
b               = 0.714958         +/- 5.572        (779.4%)


correlation matrix of the fit parameters:

               m      b      
m               1.000 
b              -0.804  1.000 


*******************************************************************************
Wed Jul 16 13:43:22 2014


FIT:    data read from "warmdat.txt" u 1:3:2
        format = x:z:s
        #datapoints = 9
function used for fitting: f(x)
fitted parameters initialized with current variable values



 Iteration 0
 WSSR        : 2.53874e+07       delta(WSSR)/WSSR   : 0
 delta(WSSR) : 0                 limit for stopping : 1e-05
 lambda	  : 20.9466

initial set of free parameter values

m               = 1
b               = 1

After 4 iterations the fit converged.
final sum of squares of residuals : 483190
rel. change during last iteration : -2.21656e-14

degrees of freedom    (FIT_NDF)                        : 7
rms of residuals      (FIT_STDFIT) = sqrt(WSSR/ndf)    : 262.73
variance of residuals (reduced chisquare) = WSSR/ndf   : 69027.2

Final set of parameters            Asymptotic Standard Error
=======================            ==========================

m               = 100.655          +/- 6.831        (6.787%)
b               = 3.31871          +/- 4.514        (136%)


correlation matrix of the fit parameters:

               m      b      
m               1.000 
b              -0.619  1.000 


*******************************************************************************
Wed Jul 16 13:44:35 2014


FIT:    data read from "warmdat.txt" u 1:3:4
        format = x:z:s
        #datapoints = 9
function used for fitting: f(x)
fitted parameters initialized with current variable values



 Iteration 0
 WSSR        : 171626            delta(WSSR)/WSSR   : 0
 delta(WSSR) : 0                 limit for stopping : 1e-05
 lambda	  : 1.19731

initial set of free parameter values

m               = 1
b               = 1

After 4 iterations the fit converged.
final sum of squares of residuals : 717.993
rel. change during last iteration : -2.41785e-13

degrees of freedom    (FIT_NDF)                        : 7
rms of residuals      (FIT_STDFIT) = sqrt(WSSR/ndf)    : 10.1277
variance of residuals (reduced chisquare) = WSSR/ndf   : 102.57

Final set of parameters            Asymptotic Standard Error
=======================            ==========================

m               = 103.096          +/- 4.201        (4.075%)
b               = 0.714958         +/- 5.572        (779.4%)


correlation matrix of the fit parameters:

               m      b      
m               1.000 
b              -0.804  1.000 


*******************************************************************************
Wed Jul 16 13:46:52 2014


FIT:    data read from "warmdat.txt" u 1:3:4
        format = x:z:s
        #datapoints = 9
function used for fitting: f(x)
fitted parameters initialized with current variable values



 Iteration 0
 WSSR        : 1716.26           delta(WSSR)/WSSR   : 0
 delta(WSSR) : 0                 limit for stopping : 1e-05
 lambda	  : 0.119731

initial set of free parameter values

m               = 1
b               = 1

After 4 iterations the fit converged.
final sum of squares of residuals : 7.17993
rel. change during last iteration : -2.38499e-13

degrees of freedom    (FIT_NDF)                        : 7
rms of residuals      (FIT_STDFIT) = sqrt(WSSR/ndf)    : 1.01277
variance of residuals (reduced chisquare) = WSSR/ndf   : 1.0257

Final set of parameters            Asymptotic Standard Error
=======================            ==========================

m               = 103.096          +/- 4.201        (4.075%)
b               = 0.714958         +/- 5.572        (779.4%)


correlation matrix of the fit parameters:

               m      b      
m               1.000 
b              -0.804  1.000 


*******************************************************************************
Wed Jul 16 14:48:20 2014


FIT:    data read from "warmdat.txt" u 1:($3*(1+(4/9.2**2))):4
        format = x:z:s
        #datapoints = 9
function used for fitting: f(x)
fitted parameters initialized with current variable values



 Iteration 0
 WSSR        : 1884.97           delta(WSSR)/WSSR   : 0
 delta(WSSR) : 0                 limit for stopping : 1e-05
 lambda	  : 0.119731

initial set of free parameter values

m               = 1
b               = 1

After 4 iterations the fit converged.
final sum of squares of residuals : 7.87459
rel. change during last iteration : -2.40131e-13

degrees of freedom    (FIT_NDF)                        : 7
rms of residuals      (FIT_STDFIT) = sqrt(WSSR/ndf)    : 1.06063
variance of residuals (reduced chisquare) = WSSR/ndf   : 1.12494

Final set of parameters            Asymptotic Standard Error
=======================            ==========================

m               = 107.969          +/- 4.4          (4.075%)
b               = 0.748746         +/- 5.836        (779.4%)


correlation matrix of the fit parameters:

               m      b      
m               1.000 
b              -0.804  1.000 


*******************************************************************************
Tue Sep  2 20:51:02 2014


FIT:    data read from "warmdat.txt" u 1:($3*(1+(4/9.2**2))):4
        format = x:z:s
        #datapoints = 5
function used for fitting: f(x)
fitted parameters initialized with current variable values



 Iteration 0
 WSSR        : 447.869           delta(WSSR)/WSSR   : 0
 delta(WSSR) : 0                 limit for stopping : 1e-05
 lambda	  : 0.0592084

initial set of free parameter values

m               = 1
b               = 1

After 4 iterations the fit converged.
final sum of squares of residuals : 0.818709
rel. change during last iteration : -8.87151e-12

degrees of freedom    (FIT_NDF)                        : 3
rms of residuals      (FIT_STDFIT) = sqrt(WSSR/ndf)    : 0.522401
variance of residuals (reduced chisquare) = WSSR/ndf   : 0.272903

Final set of parameters            Asymptotic Standard Error
=======================            ==========================

m               = 142.707          +/- 5.548        (3.888%)
b               = -4.2101          +/- 7.764        (184.4%)


correlation matrix of the fit parameters:

               m      b      
m               1.000 
b              -0.786  1.000 
